<?xml version="1.0" encoding="UTF-8"?>
<!-- Generated by org.testng.reporters.JUnitXMLReporter -->
<testsuite ignored="1" hostname="LAPTOP-5RRVIRMR" failures="0" tests="2" name="Default test" time="24.472" errors="0" timestamp="2023-06-10T20:31:42 IST">
  <testcase classname="com.test.TestRunner" name="login" time="18.181"/>
  <testcase classname="com.test.TestRunner" name="verifyNavebar" time="4.665"/>
  <testcase classname="com.test.TestRunner" name="FindFriendsTest" time="0.0">
    <ignored/>
  </testcase> <!-- FindFriendsTest -->
</testsuite> <!-- Default test -->
