<?xml version="1.0" encoding="UTF-8"?>
<!-- Generated by org.testng.reporters.JUnitXMLReporter -->
<testsuite ignored="0" hostname="LAPTOP-5RRVIRMR" failures="0" tests="4" name="Test" time="44.863" errors="0" timestamp="2023-03-03T23:33:07 IST">
  <testcase classname="com.test.SignUpTest" name="VeriFySuccessFullUserLogin" time="6.211"/>
  <testcase classname="com.test.LoginTest" name="VeriFySuccessFullUserLogin" time="11.45"/>
  <testcase classname="com.test.FindFriendsTest" name="VeriFySuccessFullUserLogin" time="8.522"/>
  <testcase classname="com.test.HomeTest" name="VeriFySuccessFullUserLogin" time="6.445"/>
</testsuite> <!-- Test -->
